-----------------------------------------------------------
redboardgen
Veloce Prototyping System version: 2022.12.2
Veloce Prototyping System build: 5626015
	           Unpublished work. Copyright 2022 Siemens
	       This material contains trade secrets or otherwise
	confidential information owned by Siemens Industry Software Inc.
	  or its affiliates (collectively, "SISW"), or its licensors.
	 Access to and use of this information is strictly limited as
	 set forth in the Customer's applicable agreements with SISW.
Time: Wed Dec 13 20:30:23 2023
-----------------------------------------------------------
INFO    :   Reading '/public/eda/mentor/profpga/2022A/proFPGA-2022A/boards/profpga_brdgen.conf'
INFO    :   Reading '/public/eda/mentor/profpga/2022A/proFPGA-2022A/boards/connector_pins_V0.csv'
INFO    :   Reading '/public/eda/mentor/profpga/2022A/proFPGA-2022A/boards/connector_pins_V1.csv'
INFO    :   Reading '/public/eda/mentor/profpga/2022A/proFPGA-2022A/boards/connector_pins_V2.csv'

INFO    :   Reading '/public/eda/mentor/profpga/2022A/proFPGA-2022A/boards/connector_pins_V3.csv'
INFO    :     Reading include file '/public/eda/mentor/profpga/2022A/proFPGA-2022A/boards/vb.conf'
INFO    :     Reading include file '/public/eda/mentor/profpga/2022A/proFPGA-2022A/boards/vhdl_verilog_xdc_fdc_ucf.conf'
INFO    :     Reading include file '/public/eda/mentor/profpga/2022A/proFPGA-2022A/boards/pd_muxdemux_dbst.conf'
INFO    :     Reading include file '/public/eda/mentor/profpga/2022A/proFPGA-2022A/boards/pd_muxdemux_tools.conf'
INFO    :     Reading include file '/public/eda/mentor/profpga/2022A/proFPGA-2022A/boards/pd_muxdemux_tools.conf'
INFO    :     Reading include file '/public/eda/mentor/profpga/2022A/proFPGA-2022A/boards/pd_muxdemux_tools.conf'
INFO    :     Reading include file '/public/eda/mentor/profpga/2022A/proFPGA-2022A/boards/pd_muxdemux_tools.conf'
INFO    :     Reading include file '/public/eda/mentor/profpga/2022A/proFPGA-2022A/boards/pd_muxdemux_tools.conf'
INFO    :     Reading include file '/public/eda/mentor/profpga/2022A/proFPGA-2022A/boards/dbst_tools.conf'
INFO    :     Reading include file '/public/eda/mentor/profpga/2022A/proFPGA-2022A/boards/dbst_vivado.conf'
INFO    :     Reading include file '/public/eda/mentor/profpga/2022A/proFPGA-2022A/boards/pd_muxdemux_tools.conf'
INFO    :     Reading include file '/public/eda/mentor/profpga/2022A/proFPGA-2022A/boards/pd_muxdemux_tools.conf'
INFO    :     Reading include file '/public/eda/mentor/profpga/2022A/proFPGA-2022A/boards/csv.conf'
INFO    :     Reading include file '/public/eda/mentor/profpga/2022A/proFPGA-2022A/boards/verilogtb.conf'
INFO    :     Reading include file '/public/eda/mentor/profpga/2022A/proFPGA-2022A/boards/phd.conf'
INFO    :     Reading include file '/public/eda/mentor/profpga/2022A/proFPGA-2022A/boards/phd_tools.conf'
INFO    :     Reading include file '/public/eda/mentor/profpga/2022A/proFPGA-2022A/boards/phd_dib.conf'
INFO    :     Reading include file '/public/eda/mentor/profpga/2022A/proFPGA-2022A/boards/cableModels.conf'
INFO    :     Reading include file '/public/eda/mentor/profpga/2022A/proFPGA-2022A/boards/qtcl.conf'
INFO    :     Reading include file '/public/eda/mentor/profpga/2022A/proFPGA-2022A/boards/profpga_ips.conf'
INFO    :     Reading include file '/public/eda/mentor/profpga/2022A/proFPGA-2022A/boards/qtcl_cut.conf'
INFO    :     Reading include file '/public/eda/mentor/profpga/2022A/proFPGA-2022A/boards/pd_muxdemux3.conf'
INFO    :     Reading include file '/public/eda/mentor/profpga/2022A/proFPGA-2022A/boards/pd_muxdemux3_vh.conf'
INFO    :     Reading include file '/public/eda/mentor/profpga/2022A/proFPGA-2022A/boards/pd_muxdemux3_common.conf'
INFO    :     Reading include file '/public/eda/mentor/profpga/2022A/proFPGA-2022A/boards/vector.conf'
INFO    :     Reading include file '/public/eda/mentor/profpga/2022A/proFPGA-2022A/boards/pd_muxdemux3_ios_vh.conf'
INFO    :     Reading include file '/public/eda/mentor/profpga/2022A/proFPGA-2022A/boards/pd_muxdemux3_common.conf'
INFO    :     Reading include file '/public/eda/mentor/profpga/2022A/proFPGA-2022A/boards/vector.conf'
INFO    :     Reading include file '/public/eda/mentor/profpga/2022A/proFPGA-2022A/boards/pd_muxdemux3_ios_tcl.conf'
INFO    :     Reading include file '/public/eda/mentor/profpga/2022A/proFPGA-2022A/boards/pd_muxdemux3_common.conf'
INFO    :     Reading include file '/public/eda/mentor/profpga/2022A/proFPGA-2022A/boards/vector.conf'
INFO    :     Reading include file '/public/eda/mentor/profpga/2022A/proFPGA-2022A/boards/pd_muxdemux3_sv.conf'
INFO    :     Reading include file '/public/eda/mentor/profpga/2022A/proFPGA-2022A/boards/pd_muxdemux3_common.conf'
INFO    :     Reading include file '/public/eda/mentor/profpga/2022A/proFPGA-2022A/boards/vector.conf'
INFO    :     Reading include file '/public/eda/mentor/profpga/2022A/proFPGA-2022A/boards/mmi64.conf'
INFO    :     Reading include file '/public/eda/mentor/profpga/2022A/proFPGA-2022A/boards/pd_muxdemux3_inst_vh.conf'
INFO    :     Reading include file '/public/eda/mentor/profpga/2022A/proFPGA-2022A/boards/pd_muxdemux3_common.conf'
INFO    :     Reading include file '/public/eda/mentor/profpga/2022A/proFPGA-2022A/boards/vector.conf'
INFO    :     Reading include file '/public/eda/mentor/profpga/2022A/proFPGA-2022A/boards/pd_muxdemux3_ips.conf'
INFO    :     Reading include file '/public/eda/mentor/profpga/2022A/proFPGA-2022A/boards/pd_muxdemux3_common.conf'
INFO    :     Reading include file '/public/eda/mentor/profpga/2022A/proFPGA-2022A/boards/vector.conf'
INFO    :     Reading include file '/public/eda/mentor/profpga/2022A/proFPGA-2022A/boards/pd_muxdemux3_sdc.conf'
INFO    :     Reading include file '/public/eda/mentor/profpga/2022A/proFPGA-2022A/boards/pd_muxdemux3_common.conf'
INFO    :     Reading include file '/public/eda/mentor/profpga/2022A/proFPGA-2022A/boards/vector.conf'
INFO    :     Reading include file '/public/eda/mentor/profpga/2022A/proFPGA-2022A/boards/pd_muxdemux3_profpga_cfg.conf'
INFO    :     Reading include file '/public/eda/mentor/profpga/2022A/proFPGA-2022A/boards/pd_muxdemux3_common.conf'
INFO    :     Reading include file '/public/eda/mentor/profpga/2022A/proFPGA-2022A/boards/vector.conf'
INFO    :     Reading include file '/public/eda/mentor/profpga/2022A/proFPGA-2022A/boards/pd_muxdemux3_cfg_pin_data.conf'
INFO    :     Reading include file '/public/eda/mentor/profpga/2022A/proFPGA-2022A/boards/pd_muxdemux3_quartus_ini.conf'
INFO    :     Reading include file '/public/eda/mentor/profpga/2022A/proFPGA-2022A/boards/pd_muxdemux3_common.conf'
INFO    :     Reading include file '/public/eda/mentor/profpga/2022A/proFPGA-2022A/boards/vector.conf'
INFO    :     Reading include file '/public/eda/mentor/profpga/2022A/proFPGA-2022A/boards/dbst3.conf'
INFO    :     Reading include file '/public/eda/mentor/profpga/2022A/proFPGA-2022A/boards/dbst3_sv.conf'
INFO    :     Reading include file '/public/eda/mentor/profpga/2022A/proFPGA-2022A/boards/pd_muxdemux3_common.conf'
INFO    :     Reading include file '/public/eda/mentor/profpga/2022A/proFPGA-2022A/boards/vector.conf'
INFO    :     Reading include file '/public/eda/mentor/profpga/2022A/proFPGA-2022A/boards/mmi64.conf'
INFO    :     Reading include file '/public/eda/mentor/profpga/2022A/proFPGA-2022A/boards/dbst3_profpga_cfg.conf'
INFO    :     Reading include file '/public/eda/mentor/profpga/2022A/proFPGA-2022A/boards/pd_muxdemux3_common.conf'
INFO    :     Reading include file '/public/eda/mentor/profpga/2022A/proFPGA-2022A/boards/vector.conf'
INFO    :     Reading include file '/public/eda/mentor/profpga/2022A/proFPGA-2022A/boards/pd_muxdemux3_cfg_pin_data.conf'
INFO    :     Reading include file '/public/eda/mentor/profpga/2022A/proFPGA-2022A/boards/dbst3_quartus_tcl.conf'
INFO    :     Reading include file '/public/eda/mentor/profpga/2022A/proFPGA-2022A/boards/dbst3_sdc.conf'
INFO    :     Reading include file '/public/eda/mentor/profpga/2022A/proFPGA-2022A/boards/dbst3_synthesis.conf'
INFO    :     Reading include file '/public/eda/mentor/profpga/2022A/proFPGA-2022A/boards/dbst3_ios_tcl.conf'

Release 14.0 - profpga_brdgen build Jun  8 2022 19:00:22
Copyright (c) 2022 Siemens. All rights reserved.

INFO    : Checking configuration file "IP_169.254.0.2.cfg"
WARNING :   Entry <system_configuration.motherboard_1.fpga_module_fa1.bitstream> does not exists in the configuration file
INFO    :   No <acm> section for <system_configuration.motherboard_1> in the configuration file
WARNING :   Entry <system_configuration.motherboard_1.fpga_module_fb1.bitstream> does not exists in the configuration file
INFO    :   No <acm> section for <system_configuration.motherboard_1> in the configuration file
WARNING :   Entry <system_configuration.motherboard_1.fpga_module_fa2.bitstream> does not exists in the configuration file
INFO    :   No <acm> section for <system_configuration.motherboard_1> in the configuration file
WARNING :   Entry <system_configuration.motherboard_1.fpga_module_fb2.bitstream> does not exists in the configuration file
INFO    :   No <acm> section for <system_configuration.motherboard_1> in the configuration file
WARNING :   No configuration section for clk_1 within <system_configuration.motherboard_1.clock_configuration> in the configuration file
WARNING :   No configuration section for clk_2 within <system_configuration.motherboard_1.clock_configuration> in the configuration file
WARNING :   No configuration section for clk_3 within <system_configuration.motherboard_1.clock_configuration> in the configuration file
WARNING :   No configuration section for clk_4 within <system_configuration.motherboard_1.clock_configuration> in the configuration file
WARNING :   No configuration section for clk_5 within <system_configuration.motherboard_1.clock_configuration> in the configuration file
WARNING :   No configuration section for clk_6 within <system_configuration.motherboard_1.clock_configuration> in the configuration file
WARNING :   No configuration section for clk_7 within <system_configuration.motherboard_1.clock_configuration> in the configuration file
WARNING :   No configuration section for ext_out_0 within <system_configuration.motherboard_1.clock_configuration> in the configuration file found - will be configured as input
WARNING :   No configuration section for ext_out_1 within <system_configuration.motherboard_1.clock_configuration> in the configuration file found - will be configured as input
WARNING :   No configuration section for ext_out_2 within <system_configuration.motherboard_1.clock_configuration> in the configuration file found - will be configured as input
WARNING :   No configuration section for ext_out_3 within <system_configuration.motherboard_1.clock_configuration> in the configuration file found - will be configured as input
WARNING :   No configuration section for sync_1 within <system_configuration.motherboard_1.sync_configuration> in the configuration file
WARNING :   No configuration section for sync_2 within <system_configuration.motherboard_1.sync_configuration> in the configuration file
WARNING :   No configuration section for sync_3 within <system_configuration.motherboard_1.sync_configuration> in the configuration file
WARNING :   No configuration section for sync_4 within <system_configuration.motherboard_1.sync_configuration> in the configuration file
WARNING :   No configuration section for sync_5 within <system_configuration.motherboard_1.sync_configuration> in the configuration file
WARNING :   No configuration section for sync_6 within <system_configuration.motherboard_1.sync_configuration> in the configuration file
WARNING :   No configuration section for sync_7 within <system_configuration.motherboard_1.sync_configuration> in the configuration file
WARNING :   The configuration file does not contain an <system_configuration.sync_events> entry.
WARNING :     No sync events are defined
INFO    : Processing configuration file
INFO    :   Reading '/public/eda/mentor/profpga/2022A/proFPGA-2022A/boards/FM-XCVU19P-R1.conf'
INFO    :   Reading '/public/eda/mentor/profpga/2022A/proFPGA-2022A/boards/xcvu19pfsva3824pkg.txt'
INFO    :   Reading '/public/eda/mentor/profpga/2022A/proFPGA-2022A/boards/FM-XCVU19P-R1_1.4.ucf'
INFO    :     Reading include file '/public/eda/mentor/profpga/2022A/proFPGA-2022A/boards/dbst_xdc_xvusp.conf'
INFO    :     Reading include file '/public/eda/mentor/profpga/2022A/proFPGA-2022A/boards/pd_muxdemux_tools.conf'
INFO    :     Reading include file '/public/eda/mentor/profpga/2022A/proFPGA-2022A/boards/dbst_tools.conf'
INFO    :     Reading include file '/public/eda/mentor/profpga/2022A/proFPGA-2022A/boards/xvus_profpga_ctrl_timing_dmbi_500.conf'
INFO    :     Reading include file '/public/eda/mentor/profpga/2022A/proFPGA-2022A/boards/xvus_profpga_ctrl_timing.conf'
INFO    :   Reading '/public/eda/mentor/profpga/2022A/proFPGA-2022A/boards/FM-XCVU19P-R1.conf'
INFO    :   Reading '/public/eda/mentor/profpga/2022A/proFPGA-2022A/boards/xcvu19pfsva3824pkg.txt'
INFO    :   Reading '/public/eda/mentor/profpga/2022A/proFPGA-2022A/boards/FM-XCVU19P-R1_1.4.ucf'
INFO    :     Reading include file '/public/eda/mentor/profpga/2022A/proFPGA-2022A/boards/dbst_xdc_xvusp.conf'
INFO    :     Reading include file '/public/eda/mentor/profpga/2022A/proFPGA-2022A/boards/pd_muxdemux_tools.conf'
INFO    :     Reading include file '/public/eda/mentor/profpga/2022A/proFPGA-2022A/boards/dbst_tools.conf'
INFO    :     Reading include file '/public/eda/mentor/profpga/2022A/proFPGA-2022A/boards/xvus_profpga_ctrl_timing_dmbi_500.conf'
INFO    :     Reading include file '/public/eda/mentor/profpga/2022A/proFPGA-2022A/boards/xvus_profpga_ctrl_timing.conf'
INFO    :   Reading '/public/eda/mentor/profpga/2022A/proFPGA-2022A/boards/FM-XCVU19P-R1.conf'
INFO    :   Reading '/public/eda/mentor/profpga/2022A/proFPGA-2022A/boards/xcvu19pfsva3824pkg.txt'
INFO    :   Reading '/public/eda/mentor/profpga/2022A/proFPGA-2022A/boards/FM-XCVU19P-R1_1.4.ucf'
INFO    :     Reading include file '/public/eda/mentor/profpga/2022A/proFPGA-2022A/boards/dbst_xdc_xvusp.conf'
INFO    :     Reading include file '/public/eda/mentor/profpga/2022A/proFPGA-2022A/boards/pd_muxdemux_tools.conf'
INFO    :     Reading include file '/public/eda/mentor/profpga/2022A/proFPGA-2022A/boards/dbst_tools.conf'
INFO    :     Reading include file '/public/eda/mentor/profpga/2022A/proFPGA-2022A/boards/xvus_profpga_ctrl_timing_dmbi_500.conf'
INFO    :     Reading include file '/public/eda/mentor/profpga/2022A/proFPGA-2022A/boards/xvus_profpga_ctrl_timing.conf'
INFO    :   Reading '/public/eda/mentor/profpga/2022A/proFPGA-2022A/boards/FM-XCVU19P-R1.conf'
INFO    :   Reading '/public/eda/mentor/profpga/2022A/proFPGA-2022A/boards/xcvu19pfsva3824pkg.txt'
INFO    :   Reading '/public/eda/mentor/profpga/2022A/proFPGA-2022A/boards/FM-XCVU19P-R1_1.4.ucf'
INFO    :     Reading include file '/public/eda/mentor/profpga/2022A/proFPGA-2022A/boards/dbst_xdc_xvusp.conf'
INFO    :     Reading include file '/public/eda/mentor/profpga/2022A/proFPGA-2022A/boards/pd_muxdemux_tools.conf'
INFO    :     Reading include file '/public/eda/mentor/profpga/2022A/proFPGA-2022A/boards/dbst_tools.conf'
INFO    :     Reading include file '/public/eda/mentor/profpga/2022A/proFPGA-2022A/boards/xvus_profpga_ctrl_timing_dmbi_500.conf'
INFO    :     Reading include file '/public/eda/mentor/profpga/2022A/proFPGA-2022A/boards/xvus_profpga_ctrl_timing.conf'
INFO    :   Reading '/public/eda/mentor/profpga/2022A/proFPGA-2022A/boards/IC-PDS-CABLE-R1_1.00_BA1.csv'
INFO    :   Reading '/public/eda/mentor/profpga/2022A/proFPGA-2022A/boards/IC-PDS-CABLE-R1_1.00_BA2.csv'
INFO    :   Reading '/public/eda/mentor/profpga/2022A/proFPGA-2022A/boards/IC-PDS-CABLE-R1.xml'
INFO    :   Reading '/public/eda/mentor/profpga/2022A/proFPGA-2022A/boards/EB-PDS-DDR4-R5_1.0_BA1.csv'
WARNING :     pin name 'DDR4_DQ05_TDQS#' converted into 'DDR4_DQ05_TDQSn' due HDL compatibility issues
WARNING :     pin name 'DDR4_DQ07_TDQS#' converted into 'DDR4_DQ07_TDQSn' due HDL compatibility issues
WARNING :     pin name 'DDR4_DQ01_TDQS#' converted into 'DDR4_DQ01_TDQSn' due HDL compatibility issues
WARNING :     pin name 'DDR4_DQ00_TDQS#' converted into 'DDR4_DQ00_TDQSn' due HDL compatibility issues
WARNING :     pin name 'DDR4_DQ04_TDQS#' converted into 'DDR4_DQ04_TDQSn' due HDL compatibility issues
WARNING :     pin name 'DDR4_DQ09_TDQS#' converted into 'DDR4_DQ09_TDQSn' due HDL compatibility issues
WARNING :     pin name 'DDR4_DQ02_TDQS#' converted into 'DDR4_DQ02_TDQSn' due HDL compatibility issues
WARNING :     pin name 'DDR4_DQ08_TDQS#' converted into 'DDR4_DQ08_TDQSn' due HDL compatibility issues
WARNING :     pin name 'DDR4_DQ03_TDQS#' converted into 'DDR4_DQ03_TDQSn' due HDL compatibility issues
INFO    :   Reading '/public/eda/mentor/profpga/2022A/proFPGA-2022A/boards/EB-PDS-DDR4-R5.conf'
INFO    :   Reading '/public/eda/mentor/profpga/2022A/proFPGA-2022A/boards/EB-PDS-DDR4-R5.xml'
INFO    :   Reading '/public/eda/mentor/profpga/2022A/proFPGA-2022A/boards/IC-PDS-CABLE-R1_1.00_BA1.csv'
INFO    :   Reading '/public/eda/mentor/profpga/2022A/proFPGA-2022A/boards/IC-PDS-CABLE-R1_1.00_BA2.csv'
INFO    :   Reading '/public/eda/mentor/profpga/2022A/proFPGA-2022A/boards/IC-PDS-CABLE-R1.xml'
INFO    :   Reading '/public/eda/mentor/profpga/2022A/proFPGA-2022A/boards/IC-PDS-CABLE-R1_1.00_BA1.csv'
INFO    :   Reading '/public/eda/mentor/profpga/2022A/proFPGA-2022A/boards/IC-PDS-CABLE-R1_1.00_BA2.csv'
INFO    :   Reading '/public/eda/mentor/profpga/2022A/proFPGA-2022A/boards/IC-PDS-CABLE-R1.xml'
INFO    :   Reading '/public/eda/mentor/profpga/2022A/proFPGA-2022A/boards/IC-PDS-CABLE-R1_1.00_BA1.csv'
INFO    :   Reading '/public/eda/mentor/profpga/2022A/proFPGA-2022A/boards/IC-PDS-CABLE-R1_1.00_BA2.csv'
INFO    :   Reading '/public/eda/mentor/profpga/2022A/proFPGA-2022A/boards/IC-PDS-CABLE-R1.xml'
INFO    :   Reading '/public/eda/mentor/profpga/2022A/proFPGA-2022A/boards/FPGA_IO_BOARD_1.0_BA1.csv'
WARNING :     pin name 'TPM_PIRQ#' converted into 'TPM_PIRQn' due HDL compatibility issues
WARNING :     pin name 'SPI0_CS#' converted into 'SPI0_CSn' due HDL compatibility issues
WARNING :     pin name 'SFI_SPI_CS1#' converted into 'SFI_SPI_CS1n' due HDL compatibility issues
WARNING :     pin name 'TPM_RST#' converted into 'TPM_RSTn' due HDL compatibility issues
WARNING :     pin name 'TPM_CS#' converted into 'TPM_CSn' due HDL compatibility issues
WARNING :     pin name 'SFI_SPI_CS0#' converted into 'SFI_SPI_CS0n' due HDL compatibility issues
WARNING :     pin name 'UART_RTS#' converted into 'UART_RTSn' due HDL compatibility issues
WARNING :     pin name 'UART_CTS#' converted into 'UART_CTSn' due HDL compatibility issues
WARNING :     pin name 'SFI_GPIO1_INT#' converted into 'SFI_GPIO1_INTn' due HDL compatibility issues
WARNING :     pin name 'SFH_IN1#' converted into 'SFH_IN1n' due HDL compatibility issues
WARNING :     pin name 'SFH_IN2#' converted into 'SFH_IN2n' due HDL compatibility issues
WARNING :     pin name 'SFH_CS#' converted into 'SFH_CSn' due HDL compatibility issues
WARNING :     pin name 'SMU_ALERT#' converted into 'SMU_ALERTn' due HDL compatibility issues
WARNING :     pin name 'SFI_GPIO0_INT#' converted into 'SFI_GPIO0_INTn' due HDL compatibility issues
INFO    :   Reading '/public/eda/mentor/profpga/2022A/proFPGA-2022A/boards/FPGA_IO_BOARD.xml'
INFO    :   Reading '/public/eda/mentor/profpga/2022A/proFPGA-2022A/boards/IC-PDS-CABLE-R1_1.00_BA1.csv'
INFO    :   Reading '/public/eda/mentor/profpga/2022A/proFPGA-2022A/boards/IC-PDS-CABLE-R1_1.00_BA2.csv'
INFO    :   Reading '/public/eda/mentor/profpga/2022A/proFPGA-2022A/boards/IC-PDS-CABLE-R1.xml'
INFO    :   Reading '/public/eda/mentor/profpga/2022A/proFPGA-2022A/boards/IC-PDS-CABLE-R1_1.00_BA1.csv'
INFO    :   Reading '/public/eda/mentor/profpga/2022A/proFPGA-2022A/boards/IC-PDS-CABLE-R1_1.00_BA2.csv'
INFO    :   Reading '/public/eda/mentor/profpga/2022A/proFPGA-2022A/boards/IC-PDS-CABLE-R1.xml'
INFO    :   Reading '/public/eda/mentor/profpga/2022A/proFPGA-2022A/boards/IC-PDS-CABLE-R1_1.00_BA1.csv'
INFO    :   Reading '/public/eda/mentor/profpga/2022A/proFPGA-2022A/boards/IC-PDS-CABLE-R1_1.00_BA2.csv'
INFO    :   Reading '/public/eda/mentor/profpga/2022A/proFPGA-2022A/boards/IC-PDS-CABLE-R1.xml'
INFO    :   Reading '/public/eda/mentor/profpga/2022A/proFPGA-2022A/boards/IC-PDS-CABLE-R1_1.00_BA1.csv'
INFO    :   Reading '/public/eda/mentor/profpga/2022A/proFPGA-2022A/boards/IC-PDS-CABLE-R1_1.00_BA2.csv'
INFO    :   Reading '/public/eda/mentor/profpga/2022A/proFPGA-2022A/boards/IC-PDS-CABLE-R1.xml'
INFO    :   Reading '/public/eda/mentor/profpga/2022A/proFPGA-2022A/boards/IC-PDS-CABLE-R1_1.00_BA1.csv'
INFO    :   Reading '/public/eda/mentor/profpga/2022A/proFPGA-2022A/boards/IC-PDS-CABLE-R1_1.00_BA2.csv'
INFO    :   Reading '/public/eda/mentor/profpga/2022A/proFPGA-2022A/boards/IC-PDS-CABLE-R1.xml'
INFO    :   Reading '/public/eda/mentor/profpga/2022A/proFPGA-2022A/boards/IC-PDS-CABLE-R1_1.00_BA1.csv'
INFO    :   Reading '/public/eda/mentor/profpga/2022A/proFPGA-2022A/boards/IC-PDS-CABLE-R1_1.00_BA2.csv'
INFO    :   Reading '/public/eda/mentor/profpga/2022A/proFPGA-2022A/boards/IC-PDS-CABLE-R1.xml'
INFO    :   Reading '/public/eda/mentor/profpga/2022A/proFPGA-2022A/boards/EB-PDS-DVI-R1_1.4_BA1.csv'
WARNING :     pin name 'LED<4>' converted into 'LED_4' due HDL compatibility issues
WARNING :     pin name 'LED<1>' converted into 'LED_1' due HDL compatibility issues
WARNING :     pin name 'LED<2>' converted into 'LED_2' due HDL compatibility issues
WARNING :     pin name 'LED<3>' converted into 'LED_3' due HDL compatibility issues
WARNING :     pin name 'LED<0>' converted into 'LED_0' due HDL compatibility issues
WARNING :     pin name 'LED<5>' converted into 'LED_5' due HDL compatibility issues
WARNING :     pin name 'LED<6>' converted into 'LED_6' due HDL compatibility issues
WARNING :     pin name 'REF_CLK<1>' converted into 'REF_CLK_1' due HDL compatibility issues
WARNING :     pin name 'REF_CLK<2>' converted into 'REF_CLK_2' due HDL compatibility issues
WARNING :     pin name 'REF_CLK<3>' converted into 'REF_CLK_3' due HDL compatibility issues
WARNING :     pin name 'REF_CLK<0>' converted into 'REF_CLK_0' due HDL compatibility issues
WARNING :     pin name 'LED<7>' converted into 'LED_7' due HDL compatibility issues
WARNING :     pin name 'DBG_DATA_A<9>' converted into 'DBG_DATA_A_9' due HDL compatibility issues
WARNING :     pin name 'DBG_DATA_B<9>' converted into 'DBG_DATA_B_9' due HDL compatibility issues
WARNING :     pin name 'DBG_DATA_A<8>' converted into 'DBG_DATA_A_8' due HDL compatibility issues
WARNING :     pin name 'DBG_DATA_B<8>' converted into 'DBG_DATA_B_8' due HDL compatibility issues
WARNING :     pin name 'DBG_DATA_A<7>' converted into 'DBG_DATA_A_7' due HDL compatibility issues
WARNING :     pin name 'DBG_DATA_B<7>' converted into 'DBG_DATA_B_7' due HDL compatibility issues
WARNING :     pin name 'DBG_DATA_A<6>' converted into 'DBG_DATA_A_6' due HDL compatibility issues
WARNING :     pin name 'DBG_DATA_B<6>' converted into 'DBG_DATA_B_6' due HDL compatibility issues
WARNING :     pin name 'DBG_DATA_A<5>' converted into 'DBG_DATA_A_5' due HDL compatibility issues
WARNING :     pin name 'DBG_DATA_B<5>' converted into 'DBG_DATA_B_5' due HDL compatibility issues
WARNING :     pin name 'DBG_DATA_A<4>' converted into 'DBG_DATA_A_4' due HDL compatibility issues
WARNING :     pin name 'DBG_DATA_B<4>' converted into 'DBG_DATA_B_4' due HDL compatibility issues
WARNING :     pin name 'DBG_DATA_A<3>' converted into 'DBG_DATA_A_3' due HDL compatibility issues
WARNING :     pin name 'DBG_DATA_B<3>' converted into 'DBG_DATA_B_3' due HDL compatibility issues
WARNING :     pin name 'DBG_DATA_A<2>' converted into 'DBG_DATA_A_2' due HDL compatibility issues
WARNING :     pin name 'DBG_DATA_B<2>' converted into 'DBG_DATA_B_2' due HDL compatibility issues
WARNING :     pin name 'DBG_DATA_A<1>' converted into 'DBG_DATA_A_1' due HDL compatibility issues
WARNING :     pin name 'DBG_DATA_B<1>' converted into 'DBG_DATA_B_1' due HDL compatibility issues
WARNING :     pin name 'DBG_DATA_A<0>' converted into 'DBG_DATA_A_0' due HDL compatibility issues
WARNING :     pin name 'DBG_DATA_B<0>' converted into 'DBG_DATA_B_0' due HDL compatibility issues
WARNING :     pin name 'DVI_IN_CTL<1>' converted into 'DVI_IN_CTL_1' due HDL compatibility issues
WARNING :     pin name 'DVI_IN_CTL<2>' converted into 'DVI_IN_CTL_2' due HDL compatibility issues
WARNING :     pin name 'DVI_IN_DATA_O<23>' converted into 'DVI_IN_DATA_O_23' due HDL compatibility issues
WARNING :     pin name 'DVI_IN_DATA_O<21>' converted into 'DVI_IN_DATA_O_21' due HDL compatibility issues
WARNING :     pin name 'DVI_IN_DATA_O<22>' converted into 'DVI_IN_DATA_O_22' due HDL compatibility issues
WARNING :     pin name 'DVI_IN_DATA_O<19>' converted into 'DVI_IN_DATA_O_19' due HDL compatibility issues
WARNING :     pin name 'DVI_IN_DATA_O<20>' converted into 'DVI_IN_DATA_O_20' due HDL compatibility issues
WARNING :     pin name 'DVI_IN_DATA_O<17>' converted into 'DVI_IN_DATA_O_17' due HDL compatibility issues
WARNING :     pin name 'DVI_IN_DATA_O<18>' converted into 'DVI_IN_DATA_O_18' due HDL compatibility issues
WARNING :     pin name 'DVI_IN_DATA_O<15>' converted into 'DVI_IN_DATA_O_15' due HDL compatibility issues
WARNING :     pin name 'DVI_IN_DATA_O<16>' converted into 'DVI_IN_DATA_O_16' due HDL compatibility issues
WARNING :     pin name 'DVI_IN_DATA_O<13>' converted into 'DVI_IN_DATA_O_13' due HDL compatibility issues
WARNING :     pin name 'DVI_IN_DATA_O<14>' converted into 'DVI_IN_DATA_O_14' due HDL compatibility issues
WARNING :     pin name 'DVI_IN_DATA_O<11>' converted into 'DVI_IN_DATA_O_11' due HDL compatibility issues
WARNING :     pin name 'DVI_IN_DATA_O<12>' converted into 'DVI_IN_DATA_O_12' due HDL compatibility issues
WARNING :     pin name 'DVI_OUT_DATA<0>' converted into 'DVI_OUT_DATA_0' due HDL compatibility issues
WARNING :     pin name 'DVI_OUT_DATA<1>' converted into 'DVI_OUT_DATA_1' due HDL compatibility issues
WARNING :     pin name 'DVI_OUT_DATA<2>' converted into 'DVI_OUT_DATA_2' due HDL compatibility issues
WARNING :     pin name 'DVI_OUT_DATA<3>' converted into 'DVI_OUT_DATA_3' due HDL compatibility issues
WARNING :     pin name 'DVI_OUT_DATA<4>' converted into 'DVI_OUT_DATA_4' due HDL compatibility issues
WARNING :     pin name 'DVI_OUT_DATA<5>' converted into 'DVI_OUT_DATA_5' due HDL compatibility issues
WARNING :     pin name 'DVI_OUT_DATA<6>' converted into 'DVI_OUT_DATA_6' due HDL compatibility issues
WARNING :     pin name 'DVI_OUT_DATA<7>' converted into 'DVI_OUT_DATA_7' due HDL compatibility issues
WARNING :     pin name 'DVI_OUT_DATA<8>' converted into 'DVI_OUT_DATA_8' due HDL compatibility issues
WARNING :     pin name 'DVI_OUT_DATA<9>' converted into 'DVI_OUT_DATA_9' due HDL compatibility issues
WARNING :     pin name 'DVI_OUT_DATA<10>' converted into 'DVI_OUT_DATA_10' due HDL compatibility issues
WARNING :     pin name 'DVI_OUT_DATA<11>' converted into 'DVI_OUT_DATA_11' due HDL compatibility issues
WARNING :     pin name 'DVI_OUT_DATA<12>' converted into 'DVI_OUT_DATA_12' due HDL compatibility issues
WARNING :     pin name 'DVI_OUT_DATA<13>' converted into 'DVI_OUT_DATA_13' due HDL compatibility issues
WARNING :     pin name 'DVI_OUT_DATA<14>' converted into 'DVI_OUT_DATA_14' due HDL compatibility issues
WARNING :     pin name 'DVI_OUT_DATA<15>' converted into 'DVI_OUT_DATA_15' due HDL compatibility issues
WARNING :     pin name 'DVI_OUT_DATA<16>' converted into 'DVI_OUT_DATA_16' due HDL compatibility issues
WARNING :     pin name 'DVI_OUT_DATA<17>' converted into 'DVI_OUT_DATA_17' due HDL compatibility issues
WARNING :     pin name 'DVI_OUT_DATA<18>' converted into 'DVI_OUT_DATA_18' due HDL compatibility issues
WARNING :     pin name 'DVI_OUT_DATA<19>' converted into 'DVI_OUT_DATA_19' due HDL compatibility issues
WARNING :     pin name 'DVI_OUT_DATA<20>' converted into 'DVI_OUT_DATA_20' due HDL compatibility issues
WARNING :     pin name 'DVI_OUT_DATA<21>' converted into 'DVI_OUT_DATA_21' due HDL compatibility issues
WARNING :     pin name 'DVI_OUT_DATA<22>' converted into 'DVI_OUT_DATA_22' due HDL compatibility issues
WARNING :     pin name 'DVI_OUT_DATA<23>' converted into 'DVI_OUT_DATA_23' due HDL compatibility issues
WARNING :     pin name 'DVI_IN_DATA_E<0>' converted into 'DVI_IN_DATA_E_0' due HDL compatibility issues
WARNING :     pin name 'DVI_IN_DATA_E<1>' converted into 'DVI_IN_DATA_E_1' due HDL compatibility issues
WARNING :     pin name 'DVI_IN_DATA_E<2>' converted into 'DVI_IN_DATA_E_2' due HDL compatibility issues
WARNING :     pin name 'DVI_IN_DATA_E<3>' converted into 'DVI_IN_DATA_E_3' due HDL compatibility issues
WARNING :     pin name 'DVI_IN_DATA_E<4>' converted into 'DVI_IN_DATA_E_4' due HDL compatibility issues
WARNING :     pin name 'DVI_IN_DATA_E<5>' converted into 'DVI_IN_DATA_E_5' due HDL compatibility issues
WARNING :     pin name 'DVI_IN_DATA_E<6>' converted into 'DVI_IN_DATA_E_6' due HDL compatibility issues
WARNING :     pin name 'DVI_IN_DATA_E<7>' converted into 'DVI_IN_DATA_E_7' due HDL compatibility issues
WARNING :     pin name 'DVI_IN_DATA_E<8>' converted into 'DVI_IN_DATA_E_8' due HDL compatibility issues
WARNING :     pin name 'DVI_IN_DATA_E<9>' converted into 'DVI_IN_DATA_E_9' due HDL compatibility issues
WARNING :     pin name 'DVI_IN_DATA_E<10>' converted into 'DVI_IN_DATA_E_10' due HDL compatibility issues
WARNING :     pin name 'DVI_IN_DATA_E<11>' converted into 'DVI_IN_DATA_E_11' due HDL compatibility issues
WARNING :     pin name 'DVI_IN_DATA_E<12>' converted into 'DVI_IN_DATA_E_12' due HDL compatibility issues
WARNING :     pin name 'DVI_IN_DATA_E<13>' converted into 'DVI_IN_DATA_E_13' due HDL compatibility issues
WARNING :     pin name 'DVI_IN_DATA_E<14>' converted into 'DVI_IN_DATA_E_14' due HDL compatibility issues
WARNING :     pin name 'DVI_IN_DATA_E<15>' converted into 'DVI_IN_DATA_E_15' due HDL compatibility issues
WARNING :     pin name 'DVI_IN_DATA_E<16>' converted into 'DVI_IN_DATA_E_16' due HDL compatibility issues
WARNING :     pin name 'DVI_IN_DATA_E<17>' converted into 'DVI_IN_DATA_E_17' due HDL compatibility issues
WARNING :     pin name 'DVI_IN_DATA_E<18>' converted into 'DVI_IN_DATA_E_18' due HDL compatibility issues
WARNING :     pin name 'DVI_IN_DATA_E<19>' converted into 'DVI_IN_DATA_E_19' due HDL compatibility issues
WARNING :     pin name 'DVI_IN_DATA_E<20>' converted into 'DVI_IN_DATA_E_20' due HDL compatibility issues
WARNING :     pin name 'DVI_IN_DATA_E<21>' converted into 'DVI_IN_DATA_E_21' due HDL compatibility issues
WARNING :     pin name 'DVI_IN_DATA_E<22>' converted into 'DVI_IN_DATA_E_22' due HDL compatibility issues
WARNING :     pin name 'DVI_IN_DATA_E<23>' converted into 'DVI_IN_DATA_E_23' due HDL compatibility issues
WARNING :     pin name 'DVI_IN_DATA_O<0>' converted into 'DVI_IN_DATA_O_0' due HDL compatibility issues
WARNING :     pin name 'DVI_IN_DATA_O<1>' converted into 'DVI_IN_DATA_O_1' due HDL compatibility issues
WARNING :     pin name 'DVI_IN_DATA_O<2>' converted into 'DVI_IN_DATA_O_2' due HDL compatibility issues
WARNING :     pin name 'DVI_IN_DATA_O<3>' converted into 'DVI_IN_DATA_O_3' due HDL compatibility issues
WARNING :     pin name 'DVI_IN_DATA_O<4>' converted into 'DVI_IN_DATA_O_4' due HDL compatibility issues
WARNING :     pin name 'DVI_IN_DATA_O<5>' converted into 'DVI_IN_DATA_O_5' due HDL compatibility issues
WARNING :     pin name 'DVI_IN_DATA_O<6>' converted into 'DVI_IN_DATA_O_6' due HDL compatibility issues
WARNING :     pin name 'DVI_IN_DATA_O<7>' converted into 'DVI_IN_DATA_O_7' due HDL compatibility issues
WARNING :     pin name 'DVI_IN_DATA_O<8>' converted into 'DVI_IN_DATA_O_8' due HDL compatibility issues
WARNING :     pin name 'DVI_IN_DATA_O<9>' converted into 'DVI_IN_DATA_O_9' due HDL compatibility issues
WARNING :     pin name 'DVI_IN_DATA_O<10>' converted into 'DVI_IN_DATA_O_10' due HDL compatibility issues
INFO    :   Reading '/public/eda/mentor/profpga/2022A/proFPGA-2022A/boards/EB-PDS-DVI-R1.xml'
INFO    :   Reading '/public/eda/mentor/profpga/2022A/proFPGA-2022A/boards/IC-PDS-CABLE-R1_1.00_BA1.csv'
INFO    :   Reading '/public/eda/mentor/profpga/2022A/proFPGA-2022A/boards/IC-PDS-CABLE-R1_1.00_BA2.csv'
INFO    :   Reading '/public/eda/mentor/profpga/2022A/proFPGA-2022A/boards/IC-PDS-CABLE-R1.xml'
INFO    :   Reading '/public/eda/mentor/profpga/2022A/proFPGA-2022A/boards/IC-PDS-CABLE-R1_1.00_BA1.csv'
INFO    :   Reading '/public/eda/mentor/profpga/2022A/proFPGA-2022A/boards/IC-PDS-CABLE-R1_1.00_BA2.csv'
INFO    :   Reading '/public/eda/mentor/profpga/2022A/proFPGA-2022A/boards/IC-PDS-CABLE-R1.xml'
INFO    :   Reading '/public/eda/mentor/profpga/2022A/proFPGA-2022A/boards/IC-PDS-CABLE-R1_1.00_BA1.csv'
INFO    :   Reading '/public/eda/mentor/profpga/2022A/proFPGA-2022A/boards/IC-PDS-CABLE-R1_1.00_BA2.csv'
INFO    :   Reading '/public/eda/mentor/profpga/2022A/proFPGA-2022A/boards/IC-PDS-CABLE-R1.xml'
INFO    :   Reading '/public/eda/mentor/profpga/2022A/proFPGA-2022A/boards/IC-PDS-CABLE-R1_1.00_BA1.csv'
INFO    :   Reading '/public/eda/mentor/profpga/2022A/proFPGA-2022A/boards/IC-PDS-CABLE-R1_1.00_BA2.csv'
INFO    :   Reading '/public/eda/mentor/profpga/2022A/proFPGA-2022A/boards/IC-PDS-CABLE-R1.xml'
INFO    :   Reading '/public/eda/mentor/profpga/2022A/proFPGA-2022A/boards/IC-PDS-CABLE-R1_1.00_BA1.csv'
INFO    :   Reading '/public/eda/mentor/profpga/2022A/proFPGA-2022A/boards/IC-PDS-CABLE-R1_1.00_BA2.csv'
INFO    :   Reading '/public/eda/mentor/profpga/2022A/proFPGA-2022A/boards/IC-PDS-CABLE-R1.xml'
INFO    :   Reading '/public/eda/mentor/profpga/2022A/proFPGA-2022A/boards/IC-PDS-CABLE-R1_1.00_BA1.csv'
INFO    :   Reading '/public/eda/mentor/profpga/2022A/proFPGA-2022A/boards/IC-PDS-CABLE-R1_1.00_BA2.csv'
INFO    :   Reading '/public/eda/mentor/profpga/2022A/proFPGA-2022A/boards/IC-PDS-CABLE-R1.xml'
INFO    :   Reading '/public/eda/mentor/profpga/2022A/proFPGA-2022A/boards/IC-PDS-CABLE-R1_1.00_BA1.csv'
INFO    :   Reading '/public/eda/mentor/profpga/2022A/proFPGA-2022A/boards/IC-PDS-CABLE-R1_1.00_BA2.csv'
INFO    :   Reading '/public/eda/mentor/profpga/2022A/proFPGA-2022A/boards/IC-PDS-CABLE-R1.xml'
INFO    :   Reading '/public/eda/mentor/profpga/2022A/proFPGA-2022A/boards/IC-PDS-CABLE-R1_1.00_BA1.csv'
INFO    :   Reading '/public/eda/mentor/profpga/2022A/proFPGA-2022A/boards/IC-PDS-CABLE-R1_1.00_BA2.csv'
INFO    :   Reading '/public/eda/mentor/profpga/2022A/proFPGA-2022A/boards/IC-PDS-CABLE-R1.xml'
INFO    :   Reading '/public/eda/mentor/profpga/2022A/proFPGA-2022A/boards/IC-PDS-CABLE-R1_1.00_BA1.csv'
INFO    :   Reading '/public/eda/mentor/profpga/2022A/proFPGA-2022A/boards/IC-PDS-CABLE-R1_1.00_BA2.csv'
INFO    :   Reading '/public/eda/mentor/profpga/2022A/proFPGA-2022A/boards/IC-PDS-CABLE-R1.xml'
INFO    :   Reading '/public/eda/mentor/profpga/2022A/proFPGA-2022A/boards/IC-PDS-CABLE-R1_1.00_BA1.csv'
INFO    :   Reading '/public/eda/mentor/profpga/2022A/proFPGA-2022A/boards/IC-PDS-CABLE-R1_1.00_BA2.csv'
INFO    :   Reading '/public/eda/mentor/profpga/2022A/proFPGA-2022A/boards/IC-PDS-CABLE-R1.xml'
INFO    :   Reading '/public/eda/mentor/profpga/2022A/proFPGA-2022A/boards/IC-PDS-CABLE-R1_1.00_BA1.csv'
INFO    :   Reading '/public/eda/mentor/profpga/2022A/proFPGA-2022A/boards/IC-PDS-CABLE-R1_1.00_BA2.csv'
INFO    :   Reading '/public/eda/mentor/profpga/2022A/proFPGA-2022A/boards/IC-PDS-CABLE-R1.xml'
INFO    :   Reading '/public/eda/mentor/profpga/2022A/proFPGA-2022A/boards/EB-PDS-USB2-3-R3_v4.00_BA1.csv'
INFO    :   Reading '/public/eda/mentor/profpga/2022A/proFPGA-2022A/boards/EB-PDS-USB2-3-R3.xml'
INFO    :   Reading '/public/eda/mentor/profpga/2022A/proFPGA-2022A/boards/EB-PDS-ROOT-COMPLEX-M.2-R1_v1.00_BA1.csv'
INFO    :   Reading '/public/eda/mentor/profpga/2022A/proFPGA-2022A/boards/EB-PDS-ROOT-COMPLEX-M.2-R1.xml'
INFO    :   Reading '/public/eda/mentor/profpga/2022A/proFPGA-2022A/boards/EB-PDS-ROOT-COMPLEX-M.2-R1_v1.00_TA1.csv'
INFO    : Linking system...
INFO    : Creating wires within X-Boards...
INFO    : Creating wires between FPGA modules...
INFO    : Generating output data...
INFO    :   Processing template 'phdHardware'...
INFO    :   Generating 'boardgen/outputs/hardware.phd'

Info      [boardgen-80200][05]: PHD Files generated successfully
Info      [boardgen-80200][04]: Attribute solution type is added in phd file

Message Summary
----------------------------------------------------------------------------------------------------
Count  Type            Message ID          Summary                                                         
----------------------------------------------------------------------------------------------------
--None--                                                                                            
----------------------------------------------------------------------------------------------------

Boardgen finished with: 
      2 Info Messages
